ERROR - 2017-12-04 22:11:39 --> Severity: Notice --> Undefined index: event_detail C:\localhost\harmonie\public\app\controllers\Property.php 93
ERROR - 2017-12-04 22:11:39 --> Severity: Notice --> Undefined variable: map_long C:\localhost\harmonie\public\app\controllers\Property.php 94
ERROR - 2017-12-04 22:11:40 --> Severity: Notice --> Undefined index: event_detail C:\localhost\harmonie\public\app\controllers\Property.php 99
ERROR - 2017-12-04 22:11:40 --> Severity: Notice --> Undefined index: event_detail C:\localhost\harmonie\public\app\controllers\Property.php 100
ERROR - 2017-12-04 22:11:40 --> Severity: Notice --> Undefined index: event_detail C:\localhost\harmonie\public\app\controllers\Property.php 101
ERROR - 2017-12-04 22:11:40 --> Severity: Notice --> Undefined index: event_detail C:\localhost\harmonie\public\app\controllers\Property.php 103
ERROR - 2017-12-04 22:11:40 --> Severity: Notice --> Undefined index: event_detail C:\localhost\harmonie\public\app\controllers\Property.php 103
ERROR - 2017-12-04 22:11:40 --> Severity: Notice --> Undefined index: event_detail C:\localhost\harmonie\public\app\controllers\Property.php 93
ERROR - 2017-12-04 22:11:40 --> Severity: Notice --> Undefined variable: map_long C:\localhost\harmonie\public\app\controllers\Property.php 94
ERROR - 2017-12-04 22:11:40 --> Severity: Notice --> Undefined index: event_detail C:\localhost\harmonie\public\app\controllers\Property.php 99
ERROR - 2017-12-04 22:11:40 --> Severity: Notice --> Undefined index: event_detail C:\localhost\harmonie\public\app\controllers\Property.php 100
ERROR - 2017-12-04 22:11:40 --> Severity: Notice --> Undefined index: event_detail C:\localhost\harmonie\public\app\controllers\Property.php 101
ERROR - 2017-12-04 22:11:40 --> Severity: Notice --> Undefined index: event_detail C:\localhost\harmonie\public\app\controllers\Property.php 103
ERROR - 2017-12-04 22:11:40 --> Severity: Notice --> Undefined index: event_detail C:\localhost\harmonie\public\app\controllers\Property.php 103
ERROR - 2017-12-04 22:12:10 --> Severity: Notice --> Undefined index: latitude_num C:\localhost\harmonie\public\app\controllers\Property.php 93
ERROR - 2017-12-04 22:12:10 --> Severity: Notice --> Undefined variable: map_long C:\localhost\harmonie\public\app\controllers\Property.php 94
ERROR - 2017-12-04 22:12:10 --> Severity: Notice --> Undefined index: event_detail C:\localhost\harmonie\public\app\controllers\Property.php 99
ERROR - 2017-12-04 22:12:10 --> Severity: Notice --> Undefined index: event_detail C:\localhost\harmonie\public\app\controllers\Property.php 100
ERROR - 2017-12-04 22:12:10 --> Severity: Notice --> Undefined index: event_detail C:\localhost\harmonie\public\app\controllers\Property.php 101
ERROR - 2017-12-04 22:12:10 --> Severity: Notice --> Undefined index: event_detail C:\localhost\harmonie\public\app\controllers\Property.php 103
ERROR - 2017-12-04 22:12:10 --> Severity: Notice --> Undefined index: event_detail C:\localhost\harmonie\public\app\controllers\Property.php 103
ERROR - 2017-12-04 22:12:10 --> Severity: Notice --> Undefined index: latitude_num C:\localhost\harmonie\public\app\controllers\Property.php 93
ERROR - 2017-12-04 22:12:10 --> Severity: Notice --> Undefined variable: map_long C:\localhost\harmonie\public\app\controllers\Property.php 94
ERROR - 2017-12-04 22:12:10 --> Severity: Notice --> Undefined index: event_detail C:\localhost\harmonie\public\app\controllers\Property.php 99
ERROR - 2017-12-04 22:12:10 --> Severity: Notice --> Undefined index: event_detail C:\localhost\harmonie\public\app\controllers\Property.php 100
ERROR - 2017-12-04 22:12:10 --> Severity: Notice --> Undefined index: event_detail C:\localhost\harmonie\public\app\controllers\Property.php 101
ERROR - 2017-12-04 22:12:10 --> Severity: Notice --> Undefined index: event_detail C:\localhost\harmonie\public\app\controllers\Property.php 103
ERROR - 2017-12-04 22:12:10 --> Severity: Notice --> Undefined index: event_detail C:\localhost\harmonie\public\app\controllers\Property.php 103
ERROR - 2017-12-04 22:14:41 --> Severity: Notice --> Undefined index: latitude_num C:\localhost\harmonie\public\app\controllers\Property.php 97
ERROR - 2017-12-04 22:14:41 --> Severity: Notice --> Undefined variable: map_long C:\localhost\harmonie\public\app\controllers\Property.php 98
ERROR - 2017-12-04 22:14:41 --> Severity: Notice --> Undefined index: event_detail C:\localhost\harmonie\public\app\controllers\Property.php 103
ERROR - 2017-12-04 22:14:41 --> Severity: Notice --> Undefined index: event_detail C:\localhost\harmonie\public\app\controllers\Property.php 104
ERROR - 2017-12-04 22:14:41 --> Severity: Notice --> Undefined index: event_detail C:\localhost\harmonie\public\app\controllers\Property.php 105
ERROR - 2017-12-04 22:14:41 --> Severity: Notice --> Undefined index: event_detail C:\localhost\harmonie\public\app\controllers\Property.php 107
ERROR - 2017-12-04 22:14:41 --> Severity: Notice --> Undefined index: event_detail C:\localhost\harmonie\public\app\controllers\Property.php 107
ERROR - 2017-12-04 22:14:41 --> Severity: Notice --> Undefined index: latitude_num C:\localhost\harmonie\public\app\controllers\Property.php 97
ERROR - 2017-12-04 22:14:41 --> Severity: Notice --> Undefined variable: map_long C:\localhost\harmonie\public\app\controllers\Property.php 98
ERROR - 2017-12-04 22:14:41 --> Severity: Notice --> Undefined index: event_detail C:\localhost\harmonie\public\app\controllers\Property.php 103
ERROR - 2017-12-04 22:14:41 --> Severity: Notice --> Undefined index: event_detail C:\localhost\harmonie\public\app\controllers\Property.php 104
ERROR - 2017-12-04 22:14:41 --> Severity: Notice --> Undefined index: event_detail C:\localhost\harmonie\public\app\controllers\Property.php 105
ERROR - 2017-12-04 22:14:41 --> Severity: Notice --> Undefined index: event_detail C:\localhost\harmonie\public\app\controllers\Property.php 107
ERROR - 2017-12-04 22:14:41 --> Severity: Notice --> Undefined index: event_detail C:\localhost\harmonie\public\app\controllers\Property.php 107
ERROR - 2017-12-04 22:15:10 --> Severity: Notice --> Undefined index: latitude_num C:\localhost\harmonie\public\app\controllers\Property.php 97
ERROR - 2017-12-04 22:15:10 --> Severity: Notice --> Undefined variable: map_long C:\localhost\harmonie\public\app\controllers\Property.php 98
ERROR - 2017-12-04 22:15:10 --> Severity: Notice --> Undefined index: event_detail C:\localhost\harmonie\public\app\controllers\Property.php 103
ERROR - 2017-12-04 22:15:10 --> Severity: Notice --> Undefined index: event_detail C:\localhost\harmonie\public\app\controllers\Property.php 104
ERROR - 2017-12-04 22:15:10 --> Severity: Notice --> Undefined index: event_detail C:\localhost\harmonie\public\app\controllers\Property.php 105
ERROR - 2017-12-04 22:15:10 --> Severity: Notice --> Undefined index: event_detail C:\localhost\harmonie\public\app\controllers\Property.php 107
ERROR - 2017-12-04 22:15:10 --> Severity: Notice --> Undefined index: event_detail C:\localhost\harmonie\public\app\controllers\Property.php 107
ERROR - 2017-12-04 22:15:10 --> Severity: Notice --> Undefined index: latitude_num C:\localhost\harmonie\public\app\controllers\Property.php 97
ERROR - 2017-12-04 22:15:10 --> Severity: Notice --> Undefined variable: map_long C:\localhost\harmonie\public\app\controllers\Property.php 98
ERROR - 2017-12-04 22:15:10 --> Severity: Notice --> Undefined index: event_detail C:\localhost\harmonie\public\app\controllers\Property.php 103
ERROR - 2017-12-04 22:15:10 --> Severity: Notice --> Undefined index: event_detail C:\localhost\harmonie\public\app\controllers\Property.php 104
ERROR - 2017-12-04 22:15:10 --> Severity: Notice --> Undefined index: event_detail C:\localhost\harmonie\public\app\controllers\Property.php 105
ERROR - 2017-12-04 22:15:10 --> Severity: Notice --> Undefined index: event_detail C:\localhost\harmonie\public\app\controllers\Property.php 107
ERROR - 2017-12-04 22:15:10 --> Severity: Notice --> Undefined index: event_detail C:\localhost\harmonie\public\app\controllers\Property.php 107
ERROR - 2017-12-04 22:18:17 --> Severity: Notice --> Undefined index: property_addres C:\localhost\harmonie\public\app\controllers\Property.php 110
ERROR - 2017-12-04 22:18:17 --> Severity: Notice --> Undefined index: property_addres C:\localhost\harmonie\public\app\controllers\Property.php 110
ERROR - 2017-12-04 22:19:31 --> Severity: Notice --> Undefined index: property_addres C:\localhost\harmonie\public\app\controllers\Property.php 111
ERROR - 2017-12-04 22:19:31 --> Severity: Notice --> Undefined index: property_addres C:\localhost\harmonie\public\app\controllers\Property.php 111
ERROR - 2017-12-04 22:19:36 --> Severity: Notice --> Undefined index: property_addres C:\localhost\harmonie\public\app\controllers\Property.php 111
ERROR - 2017-12-04 22:19:36 --> Severity: Notice --> Undefined index: property_addres C:\localhost\harmonie\public\app\controllers\Property.php 111
ERROR - 2017-12-04 22:19:41 --> Severity: Notice --> Undefined index: property_addres C:\localhost\harmonie\public\app\controllers\Property.php 111
ERROR - 2017-12-04 22:19:41 --> Severity: Notice --> Undefined index: property_addres C:\localhost\harmonie\public\app\controllers\Property.php 111
ERROR - 2017-12-04 22:20:52 --> Severity: Notice --> Undefined index: property_addres C:\localhost\harmonie\public\app\controllers\Property.php 111
ERROR - 2017-12-04 22:20:53 --> Severity: Notice --> Undefined index: property_addres C:\localhost\harmonie\public\app\controllers\Property.php 111
ERROR - 2017-12-04 22:20:58 --> Severity: Notice --> Undefined index: property_addres C:\localhost\harmonie\public\app\controllers\Property.php 111
ERROR - 2017-12-04 22:20:58 --> Severity: Notice --> Undefined index: property_addres C:\localhost\harmonie\public\app\controllers\Property.php 111
ERROR - 2017-12-04 22:21:24 --> Severity: Notice --> Undefined index: property_addres C:\localhost\harmonie\public\app\controllers\Property.php 111
ERROR - 2017-12-04 22:21:24 --> Severity: Notice --> Undefined index: property_addres C:\localhost\harmonie\public\app\controllers\Property.php 111
ERROR - 2017-12-04 22:34:39 --> Severity: Notice --> Undefined variable: content C:\localhost\harmonie\public\app\controllers\Property.php 107
ERROR - 2017-12-04 22:34:39 --> Severity: Notice --> Undefined variable: content C:\localhost\harmonie\public\app\controllers\Property.php 107
