ERROR - 2017-12-06 20:46:38 --> Severity: Notice --> Undefined variable: SQL C:\localhost\harmonie\public\app\models\Property_model.php 156
ERROR - 2017-12-06 20:46:38 --> Severity: Warning --> mysqli::query(): Empty query C:\localhost\harmonie\public\syscore\database\drivers\mysqli\mysqli_driver.php 305
ERROR - 2017-12-06 20:46:38 --> Query error:  - Invalid query: 
ERROR - 2017-12-06 20:46:57 --> Severity: Notice --> Undefined variable: mapped_table_column_arr C:\localhost\harmonie\public\app\controllers\admin\Property.php 33
ERROR - 2017-12-06 20:48:54 --> Severity: Notice --> Undefined index: field C:\localhost\harmonie\public\app\models\Property_model.php 160
ERROR - 2017-12-06 20:48:54 --> Severity: Notice --> Undefined index: field C:\localhost\harmonie\public\app\models\Property_model.php 160
ERROR - 2017-12-06 20:48:54 --> Severity: Notice --> Undefined index: field C:\localhost\harmonie\public\app\models\Property_model.php 160
ERROR - 2017-12-06 20:48:54 --> Severity: Notice --> Undefined index: field C:\localhost\harmonie\public\app\models\Property_model.php 160
ERROR - 2017-12-06 20:48:54 --> Severity: Notice --> Undefined index: field C:\localhost\harmonie\public\app\models\Property_model.php 160
ERROR - 2017-12-06 20:48:54 --> Severity: Notice --> Undefined index: field C:\localhost\harmonie\public\app\models\Property_model.php 160
ERROR - 2017-12-06 20:48:54 --> Severity: Notice --> Undefined index: field C:\localhost\harmonie\public\app\models\Property_model.php 160
ERROR - 2017-12-06 20:48:54 --> Severity: Notice --> Undefined index: field C:\localhost\harmonie\public\app\models\Property_model.php 160
ERROR - 2017-12-06 20:48:54 --> Severity: Notice --> Undefined index: field C:\localhost\harmonie\public\app\models\Property_model.php 160
ERROR - 2017-12-06 20:48:54 --> Severity: Notice --> Undefined index: field C:\localhost\harmonie\public\app\models\Property_model.php 160
ERROR - 2017-12-06 20:48:54 --> Severity: Notice --> Undefined index: field C:\localhost\harmonie\public\app\models\Property_model.php 160
ERROR - 2017-12-06 20:48:54 --> Severity: Notice --> Undefined index: field C:\localhost\harmonie\public\app\models\Property_model.php 160
ERROR - 2017-12-06 20:48:54 --> Severity: Notice --> Undefined index: field C:\localhost\harmonie\public\app\models\Property_model.php 160
ERROR - 2017-12-06 20:48:54 --> Severity: Notice --> Undefined index: field C:\localhost\harmonie\public\app\models\Property_model.php 160
ERROR - 2017-12-06 20:48:54 --> Severity: Notice --> Undefined index: field C:\localhost\harmonie\public\app\models\Property_model.php 160
ERROR - 2017-12-06 20:48:54 --> Severity: Notice --> Undefined index: field C:\localhost\harmonie\public\app\models\Property_model.php 160
ERROR - 2017-12-06 20:48:54 --> Severity: Notice --> Undefined index: field C:\localhost\harmonie\public\app\models\Property_model.php 160
ERROR - 2017-12-06 20:48:54 --> Severity: Notice --> Undefined index: field C:\localhost\harmonie\public\app\models\Property_model.php 160
ERROR - 2017-12-06 20:48:54 --> Severity: Notice --> Undefined index: field C:\localhost\harmonie\public\app\models\Property_model.php 160
ERROR - 2017-12-06 20:48:54 --> Severity: Notice --> Undefined index: field C:\localhost\harmonie\public\app\models\Property_model.php 160
ERROR - 2017-12-06 20:55:43 --> Severity: Notice --> Undefined variable: mapped_table_column_arr C:\localhost\harmonie\public\app\views\admin\Property\view.php 84
ERROR - 2017-12-06 20:57:56 --> Severity: Notice --> Undefined variable: date C:\localhost\harmonie\public\app\controllers\admin\Property.php 363
ERROR - 2017-12-06 20:57:56 --> Severity: error --> Exception: Call to undefined function view() C:\localhost\harmonie\public\app\controllers\admin\Property.php 367
ERROR - 2017-12-06 20:59:09 --> Severity: error --> Exception: Call to undefined function view() C:\localhost\harmonie\public\app\controllers\admin\Property.php 367
ERROR - 2017-12-06 21:01:40 --> Severity: Notice --> Undefined property: Property::$event_model C:\localhost\harmonie\public\app\controllers\admin\Property.php 369
ERROR - 2017-12-06 21:01:40 --> Severity: error --> Exception: Call to a member function get_property_list_data() on null C:\localhost\harmonie\public\app\controllers\admin\Property.php 369
ERROR - 2017-12-06 21:25:07 --> Severity: Warning --> array_combine(): Both parameters should have an equal number of elements C:\localhost\harmonie\public\app\core\MY_Controller.php 87
ERROR - 2017-12-06 21:25:07 --> Severity: Warning --> array_combine(): Both parameters should have an equal number of elements C:\localhost\harmonie\public\app\core\MY_Controller.php 87
ERROR - 2017-12-06 21:25:07 --> Severity: Warning --> array_combine(): Both parameters should have an equal number of elements C:\localhost\harmonie\public\app\core\MY_Controller.php 87
ERROR - 2017-12-06 21:25:07 --> Severity: Warning --> array_combine(): Both parameters should have an equal number of elements C:\localhost\harmonie\public\app\core\MY_Controller.php 87
ERROR - 2017-12-06 21:25:07 --> Severity: Warning --> array_combine(): Both parameters should have an equal number of elements C:\localhost\harmonie\public\app\core\MY_Controller.php 87
ERROR - 2017-12-06 21:25:07 --> Severity: Warning --> array_combine(): Both parameters should have an equal number of elements C:\localhost\harmonie\public\app\core\MY_Controller.php 87
ERROR - 2017-12-06 21:25:07 --> Severity: Warning --> array_combine(): Both parameters should have an equal number of elements C:\localhost\harmonie\public\app\core\MY_Controller.php 87
ERROR - 2017-12-06 21:25:07 --> Severity: Warning --> array_combine(): Both parameters should have an equal number of elements C:\localhost\harmonie\public\app\core\MY_Controller.php 87
ERROR - 2017-12-06 21:25:07 --> Severity: Warning --> array_combine(): Both parameters should have an equal number of elements C:\localhost\harmonie\public\app\core\MY_Controller.php 87
ERROR - 2017-12-06 21:25:07 --> Severity: Warning --> array_combine(): Both parameters should have an equal number of elements C:\localhost\harmonie\public\app\core\MY_Controller.php 87
ERROR - 2017-12-06 21:25:07 --> Severity: Warning --> array_combine(): Both parameters should have an equal number of elements C:\localhost\harmonie\public\app\core\MY_Controller.php 87
ERROR - 2017-12-06 21:28:38 --> Severity: Warning --> array_combine(): Both parameters should have an equal number of elements C:\localhost\harmonie\public\app\core\MY_Controller.php 87
ERROR - 2017-12-06 21:28:38 --> Severity: Warning --> array_combine(): Both parameters should have an equal number of elements C:\localhost\harmonie\public\app\core\MY_Controller.php 87
ERROR - 2017-12-06 21:28:38 --> Severity: Warning --> array_combine(): Both parameters should have an equal number of elements C:\localhost\harmonie\public\app\core\MY_Controller.php 87
ERROR - 2017-12-06 21:28:38 --> Severity: Warning --> array_combine(): Both parameters should have an equal number of elements C:\localhost\harmonie\public\app\core\MY_Controller.php 87
ERROR - 2017-12-06 21:28:38 --> Severity: Warning --> array_combine(): Both parameters should have an equal number of elements C:\localhost\harmonie\public\app\core\MY_Controller.php 87
ERROR - 2017-12-06 21:28:38 --> Severity: Warning --> array_combine(): Both parameters should have an equal number of elements C:\localhost\harmonie\public\app\core\MY_Controller.php 87
ERROR - 2017-12-06 21:28:38 --> Severity: Warning --> array_combine(): Both parameters should have an equal number of elements C:\localhost\harmonie\public\app\core\MY_Controller.php 87
ERROR - 2017-12-06 21:28:38 --> Severity: Warning --> array_combine(): Both parameters should have an equal number of elements C:\localhost\harmonie\public\app\core\MY_Controller.php 87
ERROR - 2017-12-06 21:28:38 --> Severity: Warning --> array_combine(): Both parameters should have an equal number of elements C:\localhost\harmonie\public\app\core\MY_Controller.php 87
ERROR - 2017-12-06 21:28:38 --> Severity: Warning --> array_combine(): Both parameters should have an equal number of elements C:\localhost\harmonie\public\app\core\MY_Controller.php 87
ERROR - 2017-12-06 21:28:38 --> Severity: Warning --> array_combine(): Both parameters should have an equal number of elements C:\localhost\harmonie\public\app\core\MY_Controller.php 87
ERROR - 2017-12-06 21:32:07 --> Severity: Warning --> array_combine(): Both parameters should have an equal number of elements C:\localhost\harmonie\public\app\core\MY_Controller.php 87
ERROR - 2017-12-06 21:32:07 --> Severity: Warning --> array_combine(): Both parameters should have an equal number of elements C:\localhost\harmonie\public\app\core\MY_Controller.php 87
ERROR - 2017-12-06 21:32:07 --> Severity: Warning --> array_combine(): Both parameters should have an equal number of elements C:\localhost\harmonie\public\app\core\MY_Controller.php 87
ERROR - 2017-12-06 21:32:07 --> Severity: Warning --> array_combine(): Both parameters should have an equal number of elements C:\localhost\harmonie\public\app\core\MY_Controller.php 87
ERROR - 2017-12-06 21:32:07 --> Severity: Warning --> array_combine(): Both parameters should have an equal number of elements C:\localhost\harmonie\public\app\core\MY_Controller.php 87
ERROR - 2017-12-06 21:32:07 --> Severity: Warning --> array_combine(): Both parameters should have an equal number of elements C:\localhost\harmonie\public\app\core\MY_Controller.php 87
ERROR - 2017-12-06 21:32:07 --> Severity: Warning --> array_combine(): Both parameters should have an equal number of elements C:\localhost\harmonie\public\app\core\MY_Controller.php 87
ERROR - 2017-12-06 21:32:07 --> Severity: Warning --> array_combine(): Both parameters should have an equal number of elements C:\localhost\harmonie\public\app\core\MY_Controller.php 87
ERROR - 2017-12-06 21:32:07 --> Severity: Warning --> array_combine(): Both parameters should have an equal number of elements C:\localhost\harmonie\public\app\core\MY_Controller.php 87
ERROR - 2017-12-06 21:32:07 --> Severity: Warning --> array_combine(): Both parameters should have an equal number of elements C:\localhost\harmonie\public\app\core\MY_Controller.php 87
ERROR - 2017-12-06 21:32:07 --> Severity: Warning --> array_combine(): Both parameters should have an equal number of elements C:\localhost\harmonie\public\app\core\MY_Controller.php 87
ERROR - 2017-12-06 21:37:23 --> Severity: Notice --> Undefined variable: import_event_data C:\localhost\harmonie\public\app\views\admin\Property\import.php 51
ERROR - 2017-12-06 21:37:23 --> Severity: Warning --> Invalid argument supplied for foreach() C:\localhost\harmonie\public\app\views\admin\Property\import.php 51
ERROR - 2017-12-06 21:37:45 --> Severity: Notice --> Undefined variable: import_event_data C:\localhost\harmonie\public\app\views\admin\Property\import.php 51
ERROR - 2017-12-06 21:37:45 --> Severity: Warning --> Invalid argument supplied for foreach() C:\localhost\harmonie\public\app\views\admin\Property\import.php 51
